Build started 2015-09-28 21:20:24.
     1>Project "C:\Users\Rimvydas\Desktop\01_GraphPrimitivesTR_D3DX\01_GraphPrimitivesTR.vcxproj" on node 2 (build target(s)).
     1>InitializeBuildStatus:
         Creating "Debug\01_GraphPrimitivesTR.unsuccessfulbuild" because "AlwaysCreate" was specified.
       ClCompile:
         C:\Program Files (x86)\Microsoft Visual Studio 10.0\VC\bin\CL.exe /c /ZI /nologo /W3 /WX- /Od /Oy- /D _UNICODE /D UNICODE /Gm /EHsc /RTC1 /MDd /GS /fp:precise /Zc:wchar_t /Zc:forScope /Fo"Debug\\" /Fd"Debug\vc100.pdb" /Gd /TP /analyze- /errorReport:prompt triangle_modelclass.cpp
         triangle_modelclass.cpp
     1>c:\users\rimvydas\desktop\01_graphprimitivestr_d3dx\triangle_modelclass.cpp(254): warning C4244: 'initializing' : conversion from 'double' to 'float', possible loss of data
       Link:
         C:\Program Files (x86)\Microsoft Visual Studio 10.0\VC\bin\link.exe /ERRORREPORT:PROMPT /OUT:"C:\Users\Rimvydas\Desktop\01_GraphPrimitivesTR_D3DX\Debug\01_GraphPrimitivesTR.exe" /NOLOGO d3d11.lib d3dx11.lib d3dx10.lib winmm.lib kernel32.lib user32.lib gdi32.lib winspool.lib comdlg32.lib advapi32.lib shell32.lib ole32.lib oleaut32.lib uuid.lib odbc32.lib odbccp32.lib kernel32.lib user32.lib gdi32.lib winspool.lib comdlg32.lib advapi32.lib shell32.lib ole32.lib oleaut32.lib uuid.lib odbc32.lib odbccp32.lib /MANIFEST /ManifestFile:"Debug\01_GraphPrimitivesTR.exe.intermediate.manifest" /MANIFESTUAC:"level='asInvoker' uiAccess='false'" /DEBUG /PDB:"C:\Users\Rimvydas\Desktop\01_GraphPrimitivesTR_D3DX\Debug\01_GraphPrimitivesTR.pdb" /TLBID:1 /DYNAMICBASE /NXCOMPAT /IMPLIB:"C:\Users\Rimvydas\Desktop\01_GraphPrimitivesTR_D3DX\Debug\01_GraphPrimitivesTR.lib" /MACHINE:X86 Debug\d3dclass.obj
         Debug\graphicsclass.obj
         Debug\indexmodelclass.obj
         Debug\inputclass.obj
         Debug\main.obj
         Debug\systemclass.obj
         Debug\transformationclass.obj
         Debug\triangle_modelclass.obj
         Debug\trivial_shaderclass.obj
         LINK : C:\Users\Rimvydas\Desktop\01_GraphPrimitivesTR_D3DX\Debug\01_GraphPrimitivesTR.exe not found or not built by the last incremental link; performing full link
         01_GraphPrimitivesTR.vcxproj -> C:\Users\Rimvydas\Desktop\01_GraphPrimitivesTR_D3DX\Debug\01_GraphPrimitivesTR.exe
       Manifest:
         C:\Program Files (x86)\Microsoft SDKs\Windows\v7.0A\bin\mt.exe /nologo /verbose /outputresource:"C:\Users\Rimvydas\Desktop\01_GraphPrimitivesTR_D3DX\Debug\01_GraphPrimitivesTR.exe;#1" /manifest Debug\01_GraphPrimitivesTR.exe.intermediate.manifest
       FinalizeBuildStatus:
         Deleting file "Debug\01_GraphPrimitivesTR.unsuccessfulbuild".
         Touching "Debug\01_GraphPrimitivesTR.lastbuildstate".
     1>Done Building Project "C:\Users\Rimvydas\Desktop\01_GraphPrimitivesTR_D3DX\01_GraphPrimitivesTR.vcxproj" (build target(s)).

Build succeeded.

Time Elapsed 00:00:01.44
